0 info it worked if it ends with ok
1 verbose cli [ 'D:\\Program Files\\nodejs\\\\node.exe',
1 verbose cli   'D:\\Program Files\\nodejs\\node_modules\\npm\\bin\\npm-cli.js',
1 verbose cli   'start' ]
2 info using npm@2.15.0
3 info using node@v0.12.13
4 verbose run-script [ 'prestart', 'start', 'poststart' ]
5 info prestart koa-build-tool@0.9.0
6 info start koa-build-tool@0.9.0
7 verbose unsafe-perm in lifecycle true
8 info koa-build-tool@0.9.0 Failed to exec start script
9 verbose stack Error: koa-build-tool@0.9.0 start: `node --harmony index.js`
9 verbose stack Exit status 1
9 verbose stack     at EventEmitter.<anonymous> (D:\Program Files\nodejs\node_modules\npm\lib\utils\lifecycle.js:217:16)
9 verbose stack     at EventEmitter.emit (events.js:110:17)
9 verbose stack     at ChildProcess.<anonymous> (D:\Program Files\nodejs\node_modules\npm\lib\utils\spawn.js:24:14)
9 verbose stack     at ChildProcess.emit (events.js:110:17)
9 verbose stack     at maybeClose (child_process.js:1019:16)
9 verbose stack     at Process.ChildProcess._handle.onexit (child_process.js:1091:5)
10 verbose pkgid koa-build-tool@0.9.0
11 verbose cwd E:\github\koa-fis3-isomorphic\server
12 error Windows_NT 6.1.7601
13 error argv "D:\\Program Files\\nodejs\\\\node.exe" "D:\\Program Files\\nodejs\\node_modules\\npm\\bin\\npm-cli.js" "start"
14 error node v0.12.13
15 error npm  v2.15.0
16 error code ELIFECYCLE
17 error koa-build-tool@0.9.0 start: `node --harmony index.js`
17 error Exit status 1
18 error Failed at the koa-build-tool@0.9.0 start script 'node --harmony index.js'.
18 error This is most likely a problem with the koa-build-tool package,
18 error not with npm itself.
18 error Tell the author that this fails on your system:
18 error     node --harmony index.js
18 error You can get information on how to open an issue for this project with:
18 error     npm bugs koa-build-tool
18 error Or if that isn't available, you can get their info via:
18 error
18 error     npm owner ls koa-build-tool
18 error There is likely additional logging output above.
19 verbose exit [ 1, true ]
